<?xml version="1.0" encoding="UTF-8"?>
<testsuite name="pl.training.restapi.RestapiApplicationTests" tests="1" skipped="0" failures="0" errors="0" timestamp="2022-10-29T18:12:20" hostname="DESKTOP-O9CJFVM" time="0.224">
  <properties/>
  <testcase name="contextLoads()" classname="pl.training.restapi.RestapiApplicationTests" time="0.224"/>
  <system-out><![CDATA[20:12:19.519 [Test worker] DEBUG org.springframework.test.context.BootstrapUtils - Instantiating CacheAwareContextLoaderDelegate from class [org.springframework.test.context.cache.DefaultCacheAwareContextLoaderDelegate]
20:12:19.524 [Test worker] DEBUG org.springframework.test.context.BootstrapUtils - Instantiating BootstrapContext using constructor [public org.springframework.test.context.support.DefaultBootstrapContext(java.lang.Class,org.springframework.test.context.CacheAwareContextLoaderDelegate)]
20:12:19.543 [Test worker] DEBUG org.springframework.test.context.BootstrapUtils - Instantiating TestContextBootstrapper for test class [pl.training.restapi.RestapiApplicationTests] from class [org.springframework.boot.test.context.SpringBootTestContextBootstrapper]
20:12:19.550 [Test worker] INFO org.springframework.boot.test.context.SpringBootTestContextBootstrapper - Neither @ContextConfiguration nor @ContextHierarchy found for test class [pl.training.restapi.RestapiApplicationTests], using SpringBootContextLoader
20:12:19.554 [Test worker] DEBUG org.springframework.test.context.support.AbstractContextLoader - Did not detect default resource location for test class [pl.training.restapi.RestapiApplicationTests]: class path resource [pl/training/restapi/RestapiApplicationTests-context.xml] does not exist
20:12:19.554 [Test worker] DEBUG org.springframework.test.context.support.AbstractContextLoader - Did not detect default resource location for test class [pl.training.restapi.RestapiApplicationTests]: class path resource [pl/training/restapi/RestapiApplicationTestsContext.groovy] does not exist
20:12:19.555 [Test worker] INFO org.springframework.test.context.support.AbstractContextLoader - Could not detect default resource locations for test class [pl.training.restapi.RestapiApplicationTests]: no resource found for suffixes {-context.xml, Context.groovy}.
20:12:19.555 [Test worker] INFO org.springframework.test.context.support.AnnotationConfigContextLoaderUtils - Could not detect default configuration classes for test class [pl.training.restapi.RestapiApplicationTests]: RestapiApplicationTests does not declare any static, non-private, non-final, nested classes annotated with @Configuration.
20:12:19.580 [Test worker] DEBUG org.springframework.test.context.support.ActiveProfilesUtils - Could not find an 'annotation declaring class' for annotation type [org.springframework.test.context.ActiveProfiles] and class [pl.training.restapi.RestapiApplicationTests]
20:12:19.610 [Test worker] DEBUG org.springframework.context.annotation.ClassPathScanningCandidateComponentProvider - Identified candidate component class: file [C:\Users\tomek\eclipse-workspace\restapi\build\classes\java\main\pl\training\restapi\RestapiApplication.class]
20:12:19.610 [Test worker] INFO org.springframework.boot.test.context.SpringBootTestContextBootstrapper - Found @SpringBootConfiguration pl.training.restapi.RestapiApplication for test class pl.training.restapi.RestapiApplicationTests
20:12:19.657 [Test worker] DEBUG org.springframework.boot.test.context.SpringBootTestContextBootstrapper - @TestExecutionListeners is not present for class [pl.training.restapi.RestapiApplicationTests]: using defaults.
20:12:19.657 [Test worker] INFO org.springframework.boot.test.context.SpringBootTestContextBootstrapper - Loaded default TestExecutionListener class names from location [META-INF/spring.factories]: [org.springframework.boot.test.autoconfigure.restdocs.RestDocsTestExecutionListener, org.springframework.boot.test.autoconfigure.web.client.MockRestServiceServerResetTestExecutionListener, org.springframework.boot.test.autoconfigure.web.servlet.MockMvcPrintOnlyOnFailureTestExecutionListener, org.springframework.boot.test.autoconfigure.web.servlet.WebDriverTestExecutionListener, org.springframework.boot.test.autoconfigure.webservices.client.MockWebServiceServerTestExecutionListener, org.springframework.boot.test.mock.mockito.MockitoTestExecutionListener, org.springframework.boot.test.mock.mockito.ResetMocksTestExecutionListener, org.springframework.test.context.web.ServletTestExecutionListener, org.springframework.test.context.support.DirtiesContextBeforeModesTestExecutionListener, org.springframework.test.context.event.ApplicationEventsTestExecutionListener, org.springframework.test.context.support.DependencyInjectionTestExecutionListener, org.springframework.test.context.support.DirtiesContextTestExecutionListener, org.springframework.test.context.transaction.TransactionalTestExecutionListener, org.springframework.test.context.jdbc.SqlScriptsTestExecutionListener, org.springframework.test.context.event.EventPublishingTestExecutionListener]
20:12:19.664 [Test worker] DEBUG org.springframework.boot.test.context.SpringBootTestContextBootstrapper - Skipping candidate TestExecutionListener [org.springframework.test.context.transaction.TransactionalTestExecutionListener] due to a missing dependency. Specify custom listener classes or make the default listener classes and their required dependencies available. Offending class: [org/springframework/transaction/interceptor/TransactionAttributeSource]
20:12:19.664 [Test worker] DEBUG org.springframework.boot.test.context.SpringBootTestContextBootstrapper - Skipping candidate TestExecutionListener [org.springframework.test.context.jdbc.SqlScriptsTestExecutionListener] due to a missing dependency. Specify custom listener classes or make the default listener classes and their required dependencies available. Offending class: [org/springframework/transaction/interceptor/TransactionAttribute]
20:12:19.664 [Test worker] INFO org.springframework.boot.test.context.SpringBootTestContextBootstrapper - Using TestExecutionListeners: [org.springframework.test.context.web.ServletTestExecutionListener@5ef0d29e, org.springframework.test.context.support.DirtiesContextBeforeModesTestExecutionListener@38f57b3d, org.springframework.test.context.event.ApplicationEventsTestExecutionListener@51850751, org.springframework.boot.test.mock.mockito.MockitoTestExecutionListener@3ce3db41, org.springframework.boot.test.autoconfigure.SpringBootDependencyInjectionTestExecutionListener@64df9a61, org.springframework.test.context.support.DirtiesContextTestExecutionListener@77602954, org.springframework.test.context.event.EventPublishingTestExecutionListener@e260766, org.springframework.boot.test.autoconfigure.restdocs.RestDocsTestExecutionListener@2c3dec30, org.springframework.boot.test.autoconfigure.web.client.MockRestServiceServerResetTestExecutionListener@34a97744, org.springframework.boot.test.autoconfigure.web.servlet.MockMvcPrintOnlyOnFailureTestExecutionListener@4275c20c, org.springframework.boot.test.autoconfigure.web.servlet.WebDriverTestExecutionListener@7c56e013, org.springframework.boot.test.autoconfigure.webservices.client.MockWebServiceServerTestExecutionListener@3fc9dfc5, org.springframework.boot.test.mock.mockito.ResetMocksTestExecutionListener@40258c2f]
20:12:19.667 [Test worker] DEBUG org.springframework.test.context.support.AbstractDirtiesContextTestExecutionListener - Before test class: context [DefaultTestContext@67389cb8 testClass = RestapiApplicationTests, testInstance = [null], testMethod = [null], testException = [null], mergedContextConfiguration = [WebMergedContextConfiguration@419a20a6 testClass = RestapiApplicationTests, locations = '{}', classes = '{class pl.training.restapi.RestapiApplication}', contextInitializerClasses = '[]', activeProfiles = '{}', propertySourceLocations = '{}', propertySourceProperties = '{org.springframework.boot.test.context.SpringBootTestContextBootstrapper=true}', contextCustomizers = set[org.springframework.boot.test.autoconfigure.actuate.metrics.MetricsExportContextCustomizerFactory$DisableMetricExportContextCustomizer@7749bf93, org.springframework.boot.test.autoconfigure.properties.PropertyMappingContextCustomizer@0, org.springframework.boot.test.autoconfigure.web.servlet.WebDriverContextCustomizerFactory$Customizer@740d2e78, org.springframework.boot.test.context.filter.ExcludeFilterContextCustomizer@5a1de7fb, org.springframework.boot.test.json.DuplicateJsonObjectContextCustomizerFactory$DuplicateJsonObjectContextCustomizer@6eb2384f, org.springframework.boot.test.mock.mockito.MockitoContextCustomizer@0, org.springframework.boot.test.web.client.TestRestTemplateContextCustomizer@63787180, org.springframework.boot.test.context.SpringBootTestArgs@1, org.springframework.boot.test.context.SpringBootTestWebEnvironment@41fecb8b], resourceBasePath = 'src/main/webapp', contextLoader = 'org.springframework.boot.test.context.SpringBootContextLoader', parent = [null]], attributes = map['org.springframework.test.context.web.ServletTestExecutionListener.activateListener' -> true]], class annotated with @DirtiesContext [false] with mode [null].

  .   ____          _            __ _ _
 /\\ / ___'_ __ _ _(_)_ __  __ _ \ \ \ \
( ( )\___ | '_ | '_| | '_ \/ _` | \ \ \ \
 \\/  ___)| |_)| | | | | || (_| |  ) ) ) )
  '  |____| .__|_| |_|_| |_\__, | / / / /
 =========|_|==============|___/=/_/_/_/
 :: Spring Boot ::                (v2.7.5)

2022-10-29 20:12:19.826  INFO 1708 --- [    Test worker] p.t.restapi.RestapiApplicationTests      : Starting RestapiApplicationTests using Java 18.0.2.1 on DESKTOP-O9CJFVM with PID 1708 (started by tomek in C:\Users\tomek\eclipse-workspace\restapi)
2022-10-29 20:12:19.826  INFO 1708 --- [    Test worker] p.t.restapi.RestapiApplicationTests      : No active profile set, falling back to 1 default profile: "default"
2022-10-29 20:12:20.553  INFO 1708 --- [    Test worker] p.t.restapi.RestapiApplicationTests      : Started RestapiApplicationTests in 0.865 seconds (JVM running for 1.462)
]]></system-out>
  <system-err><![CDATA[]]></system-err>
</testsuite>
